<?xml version="1.0" encoding="UTF-8"?>
<!-- Generated by org.testng.reporters.JUnitReportReporter -->
<testsuite hostname="ChristyC" failures="0" tests="1" name="test.LoginTest" time="4.483" errors="0" timestamp="20 Jun 2023 21:28:26 GMT" skipped="0">
  <testcase classname="test.LoginTest" name="validUserShouldBeAbleToLogin" time="4.483"/>
</testsuite> <!-- test.LoginTest -->
