<?xml version="1.0" encoding="UTF-8"?>
<!-- Generated by org.testng.reporters.JUnitReportReporter -->
<testsuite hostname="ChristyC" failures="0" tests="1" name="test.AddCustomerTest" time="8.562" errors="0" timestamp="20 Jun 2023 22:51:23 GMT" skipped="0">
  <testcase classname="test.AddCustomerTest" name="userShouldBeAbleAddCustomer" time="8.562"/>
</testsuite> <!-- test.AddCustomerTest -->
