<?xml version="1.0" encoding="UTF-8"?>
<!-- Generated by org.testng.reporters.JUnitReportReporter -->
<testsuite hostname="ChristyC" failures="0" tests="1" name="util.BrowserFactory" time="4.562" errors="0" timestamp="20 Jun 2023 19:41:21 GMT" skipped="0">
  <testcase classname="util.BrowserFactory" name="init" time="4.562"/>
</testsuite> <!-- util.BrowserFactory -->
